2025-09-21 13:13:27,452 [INFO] Activator:176 - 


2025-09-21 13:13:27,459 [INFO] Activator:177 - !SESSION log4j initialized
2025-09-21 13:13:32,779 [INFO] LogOutputStream:77 - [STDOUT_REDIRECT] 
2025-09-21 13:13:34,225 [INFO] ApplicationProperties:184 - Using Application install path: C:\ST\STM32CubeIDE_1.19.0\STM32CubeIDE\plugins\com.st.stm32cube.common.mx_6.15.0.202507011659
2025-09-21 13:13:34,255 [INFO] DbMcusXml:78 - Set database path to: C:\ST\STM32CubeIDE_1.19.0\STM32CubeIDE\plugins\com.st.stm32cube.common.mx_6.15.0.202507011659\\db\/mcu/
2025-09-21 13:13:34,255 [INFO] ApiDb:274 - Set plugin database path to: C:\ST\STM32CubeIDE_1.19.0\STM32CubeIDE\plugins\com.st.stm32cube.common.mx_6.15.0.202507011659\\db\/plugins/boardmanager/
2025-09-21 13:13:34,256 [WARN] ApiDb:259 - Overriding images path with different value:  => C:\ST\STM32CubeIDE_1.19.0\STM32CubeIDE\plugins\com.st.stm32cube.common.mx_6.15.0.202507011659\\db\/plugins/mcufinder/images/
2025-09-21 13:13:34,268 [INFO] ApiDb:250 - Set database path to: C:\Users\noora\.stmcufinder\plugins\mcufinder//mcu/
2025-09-21 13:13:34,271 [INFO] DbMcusAds:125 - Set database path to: C:\Users\noora\.stmcufinder\plugins\mcufinder//mcu/
2025-09-21 13:13:34,275 [INFO] CrossReferenceDbSqlite:203 - Set database path to: C:\Users\noora\.stmcufinder\plugins\mcufinder//mcu/cs/
2025-09-21 13:13:34,434 [INFO] RulesReader:64 - Compatibility file has been processed (317 Rules)
2025-09-21 13:13:34,558 [INFO] DbMcusXml:78 - Set database path to: C:\ST\STM32CubeIDE_1.19.0\STM32CubeIDE\plugins\com.st.stm32cube.common.mx_6.15.0.202507011659\\db\/mcu/
2025-09-21 13:13:34,558 [INFO] ApiDb:274 - Set plugin database path to: C:\ST\STM32CubeIDE_1.19.0\STM32CubeIDE\plugins\com.st.stm32cube.common.mx_6.15.0.202507011659\\db\/plugins/boardmanager/
2025-09-21 13:13:34,558 [INFO] ApiDb:261 - Set plugin images path to: C:\ST\STM32CubeIDE_1.19.0\STM32CubeIDE\plugins\com.st.stm32cube.common.mx_6.15.0.202507011659\\db\/plugins/mcufinder/images/
2025-09-21 13:13:34,558 [WARN] DbFile:41 - Overriding database path with different value: C:\Users\noora\.stmcufinder\plugins\mcufinder/ => C:\Users\noora\.stmcufinder\plugins\mcufinder
2025-09-21 13:13:34,558 [INFO] ApiDb:250 - Set database path to: C:\Users\noora\.stmcufinder\plugins\mcufinder//mcu/
2025-09-21 13:13:34,560 [WARN] DbFile:41 - Overriding database path with different value: C:\Users\noora\.stmcufinder\plugins\mcufinder/ => C:\Users\noora\.stmcufinder\plugins\mcufinder
2025-09-21 13:13:34,560 [INFO] DbMcusAds:125 - Set database path to: C:\Users\noora\.stmcufinder\plugins\mcufinder//mcu/
2025-09-21 13:13:34,560 [WARN] DbFile:41 - Overriding database path with different value: C:\Users\noora\.stmcufinder\plugins\mcufinder/ => C:\Users\noora\.stmcufinder\plugins\mcufinder
2025-09-21 13:13:34,560 [WARN] DbFile:41 - Overriding database path with different value: C:\Users\noora\.stmcufinder\plugins\mcufinder/ => C:\Users\noora\.stmcufinder\plugins\mcufinder
2025-09-21 13:13:34,560 [INFO] CrossReferenceDbSqlite:203 - Set database path to: C:\Users\noora\.stmcufinder\plugins\mcufinder//mcu/cs/
2025-09-21 13:13:34,652 [INFO] MainPanel:274 - HeapMemory: 268435456
2025-09-21 13:13:34,872 [INFO] DbMcusXml:78 - Set database path to: C:\ST\STM32CubeIDE_1.19.0\STM32CubeIDE\plugins\com.st.stm32cube.common.mx_6.15.0.202507011659\\db\/mcu/
2025-09-21 13:13:34,873 [INFO] ApiDb:274 - Set plugin database path to: C:\ST\STM32CubeIDE_1.19.0\STM32CubeIDE\plugins\com.st.stm32cube.common.mx_6.15.0.202507011659\\db\/plugins/boardmanager/
2025-09-21 13:13:34,873 [INFO] ApiDb:261 - Set plugin images path to: C:\ST\STM32CubeIDE_1.19.0\STM32CubeIDE\plugins\com.st.stm32cube.common.mx_6.15.0.202507011659\\db\/plugins/mcufinder/images/
2025-09-21 13:13:34,873 [WARN] DbFile:41 - Overriding database path with different value: C:\Users\noora\.stmcufinder\plugins\mcufinder/ => C:\Users\noora\.stmcufinder\plugins\mcufinder
2025-09-21 13:13:34,874 [INFO] ApiDb:250 - Set database path to: C:\Users\noora\.stmcufinder\plugins\mcufinder//mcu/
2025-09-21 13:13:34,874 [WARN] DbFile:41 - Overriding database path with different value: C:\Users\noora\.stmcufinder\plugins\mcufinder/ => C:\Users\noora\.stmcufinder\plugins\mcufinder
2025-09-21 13:13:34,874 [INFO] DbMcusAds:125 - Set database path to: C:\Users\noora\.stmcufinder\plugins\mcufinder//mcu/
2025-09-21 13:13:34,874 [WARN] DbFile:41 - Overriding database path with different value: C:\Users\noora\.stmcufinder\plugins\mcufinder/ => C:\Users\noora\.stmcufinder\plugins\mcufinder
2025-09-21 13:13:34,874 [WARN] DbFile:41 - Overriding database path with different value: C:\Users\noora\.stmcufinder\plugins\mcufinder/ => C:\Users\noora\.stmcufinder\plugins\mcufinder
2025-09-21 13:13:34,875 [INFO] CrossReferenceDbSqlite:203 - Set database path to: C:\Users\noora\.stmcufinder\plugins\mcufinder//mcu/cs/
2025-09-21 13:13:34,906 [INFO] ApplicationProperties:184 - Using Application install path: C:\ST\STM32CubeIDE_1.19.0\STM32CubeIDE\plugins\com.st.stm32cube.common.mx_6.15.0.202507011659
2025-09-21 13:13:34,908 [INFO] PluginManage:196 - Search for loadable plugins [exclusion list=, ]
2025-09-21 13:13:34,911 [INFO] PluginManage:310 - Check plugin analytics
2025-09-21 13:13:35,219 [INFO] AnalyticsPlugin:253 - Accepted Software Licenses: 
2025-09-21 13:13:35,220 [INFO] AnalyticsPlugin:255 - Accepted CMSIS Pack Licenses: 
2025-09-21 13:13:35,220 [INFO] AnalyticsPlugin:257 - Accepted Firmware Licenses: FW.F4.1.28.0
2025-09-21 13:13:35,224 [INFO] PluginManage:359 - Loaded plugin analytics (category:tool,tabindex:-1)
2025-09-21 13:13:35,225 [INFO] PluginManage:310 - Check plugin cadmodel
2025-09-21 13:13:35,233 [INFO] CADModel:105 - Init CAD model plugin
2025-09-21 13:13:35,233 [INFO] PluginManage:359 - Loaded plugin cadmodel (category:power,tabindex:5)
2025-09-21 13:13:35,233 [INFO] PluginManage:310 - Check plugin clock
2025-09-21 13:13:35,250 [INFO] PluginManage:359 - Loaded plugin clock (category:base,tabindex:2)
2025-09-21 13:13:35,251 [INFO] PluginManage:310 - Check plugin ddr
2025-09-21 13:13:35,256 [INFO] PluginManage:359 - Loaded plugin ddr (category:tool,tabindex:6)
2025-09-21 13:13:35,257 [INFO] PluginManage:310 - Check plugin filemanager
2025-09-21 13:13:35,484 [INFO] PluginManage:359 - Loaded plugin filemanager (category:base,tabindex:10)
2025-09-21 13:13:35,486 [INFO] PluginManage:310 - Check plugin ipmanager
2025-09-21 13:13:35,498 [INFO] PluginManage:359 - Loaded plugin ipmanager (category:base,tabindex:5)
2025-09-21 13:13:35,499 [INFO] PluginManage:310 - Check plugin lpbam
2025-09-21 13:13:35,513 [INFO] PluginManage:359 - Loaded plugin lpbam (category:base,tabindex:0)
2025-09-21 13:13:35,513 [INFO] PluginManage:310 - Check plugin memorymap
2025-09-21 13:13:35,539 [INFO] PluginManage:359 - Loaded plugin memorymap (category:base,tabindex:4)
2025-09-21 13:13:35,540 [INFO] PluginManage:310 - Check plugin pinoutandconfiguration
2025-09-21 13:13:35,556 [INFO] PluginManage:359 - Loaded plugin pinoutandconfiguration (category:base,tabindex:1)
2025-09-21 13:13:35,556 [INFO] PluginManage:310 - Check plugin pinoutconfig
2025-09-21 13:13:35,707 [WARN] SupportedApi:132 - Cannot load RTOS API schema: s4s-elt-must-match.1: The content of 'definitions' must match (annotation?, (simpleType | complexType)?, (unique | key | keyref)*)). A problem was found starting at: attribute.
2025-09-21 13:13:35,964 [INFO] PluginManage:359 - Loaded plugin pinoutconfig (category:base,tabindex:0)
2025-09-21 13:13:35,964 [INFO] PluginManage:310 - Check plugin power
2025-09-21 13:13:35,995 [INFO] PluginManage:359 - Loaded plugin power (category:power,tabindex:4)
2025-09-21 13:13:35,996 [INFO] PluginManage:310 - Check plugin projectmanager
2025-09-21 13:13:36,024 [INFO] PluginManage:359 - Loaded plugin projectmanager (category:projectmanager,tabindex:4)
2025-09-21 13:13:36,024 [INFO] PluginManage:310 - Check plugin rif
2025-09-21 13:13:36,037 [INFO] PluginManage:359 - Loaded plugin rif (category:base,tabindex:3)
2025-09-21 13:13:36,037 [INFO] PluginManage:310 - Check plugin thirdparty
2025-09-21 13:13:36,272 [WARN] IntegrityCheckThread:84 - waiting for thirdparty lock release [integrity check]
2025-09-21 13:13:36,272 [INFO] PluginManage:359 - Loaded plugin thirdparty (category:base,tabindex:-1)
2025-09-21 13:13:36,273 [INFO] PluginManage:310 - Check plugin tools
2025-09-21 13:13:36,273 [INFO] IntegrityCheckThread:86 - entering critical section [integrity check]
2025-09-21 13:13:36,273 [INFO] ThirdPartyUpdaterWithRetryManager:70 - Updater plugin not ready yet. [1/15]
2025-09-21 13:13:36,277 [INFO] PluginManage:359 - Loaded plugin tools (category:base,tabindex:7)
2025-09-21 13:13:36,278 [INFO] PluginManage:310 - Check plugin tutovideos
2025-09-21 13:13:36,661 [INFO] PluginManage:359 - Loaded plugin tutovideos (category:base,tabindex:-1)
2025-09-21 13:13:36,662 [INFO] PluginManage:310 - Check plugin updater
2025-09-21 13:13:36,696 [INFO] PluginManage:359 - Loaded plugin updater (category:base,tabindex:12)
2025-09-21 13:13:36,697 [INFO] PluginManage:310 - Check plugin userauth
2025-09-21 13:13:36,703 [INFO] UserAuth:118 - Init User Auth plugin
2025-09-21 13:13:36,705 [INFO] PluginManage:359 - Loaded plugin userauth (category:base,tabindex:14)
2025-09-21 13:13:36,706 [INFO] PluginManage:283 - PluginManage : Loaded plugins [18]
2025-09-21 13:13:37,064 [INFO] PinOutPanel:1589 - setPackage(No Configuration,No Configuration)
2025-09-21 13:13:37,209 [INFO] CADModel:165 - CPN selected for project level
2025-09-21 13:13:37,209 [INFO] CADModel:114 - Register for checkConnection events
2025-09-21 13:13:37,239 [INFO] IPUIPlugin:80 - create IPUIPlugin
2025-09-21 13:13:37,240 [INFO] PluginManager:220 - loadIPPluginJar : add adc
2025-09-21 13:13:37,244 [INFO] IPUIPlugin:80 - create IPUIPlugin
2025-09-21 13:13:37,244 [INFO] PluginManager:220 - loadIPPluginJar : add aes
2025-09-21 13:13:37,249 [INFO] IPUIPlugin:80 - create IPUIPlugin
2025-09-21 13:13:37,249 [INFO] PluginManager:220 - loadIPPluginJar : add can
2025-09-21 13:13:37,252 [INFO] IPUIPlugin:80 - create IPUIPlugin
2025-09-21 13:13:37,253 [INFO] PluginManager:220 - loadIPPluginJar : add comp
2025-09-21 13:13:37,257 [INFO] IPUIPlugin:80 - create IPUIPlugin
2025-09-21 13:13:37,257 [INFO] PluginManager:220 - loadIPPluginJar : add cryp
2025-09-21 13:13:37,263 [INFO] IPUIPlugin:80 - create IPUIPlugin
2025-09-21 13:13:37,263 [INFO] PluginManager:220 - loadIPPluginJar : add ddr_ctrl_phy
2025-09-21 13:13:37,267 [INFO] IPUIPlugin:80 - create IPUIPlugin
2025-09-21 13:13:37,267 [INFO] PluginManager:220 - loadIPPluginJar : add dfsdm
2025-09-21 13:13:37,277 [INFO] IPUIPlugin:80 - create IPUIPlugin
2025-09-21 13:13:37,278 [INFO] PluginManager:220 - loadIPPluginJar : add dma
2025-09-21 13:13:37,284 [INFO] IPUIPlugin:80 - create IPUIPlugin
2025-09-21 13:13:37,284 [INFO] PluginManager:220 - loadIPPluginJar : add dma3
2025-09-21 13:13:37,289 [INFO] IPUIPlugin:80 - create IPUIPlugin
2025-09-21 13:13:37,289 [INFO] PluginManager:220 - loadIPPluginJar : add extmemmanager
2025-09-21 13:13:37,293 [INFO] IPUIPlugin:80 - create IPUIPlugin
2025-09-21 13:13:37,293 [INFO] PluginManager:220 - loadIPPluginJar : add fatfs
2025-09-21 13:13:37,299 [INFO] IPUIPlugin:80 - create IPUIPlugin
2025-09-21 13:13:37,299 [INFO] PluginManager:220 - loadIPPluginJar : add fmc
2025-09-21 13:13:37,309 [INFO] IPUIPlugin:80 - create IPUIPlugin
2025-09-21 13:13:37,311 [INFO] PluginManager:220 - loadIPPluginJar : add freertos
2025-09-21 13:13:37,313 [INFO] IPUIPlugin:80 - create IPUIPlugin
2025-09-21 13:13:37,314 [INFO] PluginManager:220 - loadIPPluginJar : add genericplugin
2025-09-21 13:13:37,318 [INFO] IPUIPlugin:80 - create IPUIPlugin
2025-09-21 13:13:37,318 [INFO] PluginManager:220 - loadIPPluginJar : add gfxmmu
2025-09-21 13:13:37,324 [INFO] IPUIPlugin:80 - create IPUIPlugin
2025-09-21 13:13:37,325 [INFO] PluginManager:220 - loadIPPluginJar : add gic
2025-09-21 13:13:37,330 [INFO] IPUIPlugin:80 - create IPUIPlugin
2025-09-21 13:13:37,330 [INFO] PluginManager:220 - loadIPPluginJar : add gpio
2025-09-21 13:13:37,335 [INFO] IPUIPlugin:80 - create IPUIPlugin
2025-09-21 13:13:37,335 [INFO] PluginManager:220 - loadIPPluginJar : add gtzc
2025-09-21 13:13:37,338 [INFO] IPUIPlugin:80 - create IPUIPlugin
2025-09-21 13:13:37,339 [INFO] PluginManager:220 - loadIPPluginJar : add hash
2025-09-21 13:13:37,342 [INFO] IPUIPlugin:80 - create IPUIPlugin
2025-09-21 13:13:37,343 [INFO] PluginManager:220 - loadIPPluginJar : add i2c
2025-09-21 13:13:37,346 [INFO] IPUIPlugin:80 - create IPUIPlugin
2025-09-21 13:13:37,346 [INFO] PluginManager:220 - loadIPPluginJar : add i2s
2025-09-21 13:13:37,351 [INFO] IPUIPlugin:80 - create IPUIPlugin
2025-09-21 13:13:37,351 [INFO] PluginManager:220 - loadIPPluginJar : add i3c
2025-09-21 13:13:37,355 [INFO] IPUIPlugin:80 - create IPUIPlugin
2025-09-21 13:13:37,356 [INFO] PluginManager:220 - loadIPPluginJar : add ipddr
2025-09-21 13:13:37,364 [INFO] IPUIPlugin:80 - create IPUIPlugin
2025-09-21 13:13:37,365 [INFO] PluginManager:220 - loadIPPluginJar : add linkedlist
2025-09-21 13:13:37,369 [INFO] IPUIPlugin:80 - create IPUIPlugin
2025-09-21 13:13:37,369 [INFO] PluginManager:220 - loadIPPluginJar : add lorawan
2025-09-21 13:13:37,372 [INFO] IPUIPlugin:80 - create IPUIPlugin
2025-09-21 13:13:37,372 [INFO] PluginManager:220 - loadIPPluginJar : add ltdc
2025-09-21 13:13:37,379 [INFO] IPUIPlugin:80 - create IPUIPlugin
2025-09-21 13:13:37,379 [INFO] PluginManager:220 - loadIPPluginJar : add mdma
2025-09-21 13:13:37,385 [INFO] IPUIPlugin:80 - create IPUIPlugin
2025-09-21 13:13:37,385 [INFO] PluginManager:220 - loadIPPluginJar : add nvic
2025-09-21 13:13:37,390 [INFO] IPUIPlugin:80 - create IPUIPlugin
2025-09-21 13:13:37,390 [INFO] PluginManager:220 - loadIPPluginJar : add opamp
2025-09-21 13:13:37,397 [INFO] IPUIPlugin:80 - create IPUIPlugin
2025-09-21 13:13:37,397 [INFO] PluginManager:220 - loadIPPluginJar : add openamp
2025-09-21 13:13:37,403 [INFO] IPUIPlugin:80 - create IPUIPlugin
2025-09-21 13:13:37,403 [INFO] PluginManager:220 - loadIPPluginJar : add pdm2pcm
2025-09-21 13:13:37,412 [INFO] IPUIPlugin:80 - create IPUIPlugin
2025-09-21 13:13:37,416 [INFO] PluginManager:220 - loadIPPluginJar : add plateformsettings
2025-09-21 13:13:37,418 [INFO] IPUIPlugin:80 - create IPUIPlugin
2025-09-21 13:13:37,419 [INFO] PluginManager:220 - loadIPPluginJar : add quadspi
2025-09-21 13:13:37,422 [INFO] IPUIPlugin:80 - create IPUIPlugin
2025-09-21 13:13:37,422 [INFO] PluginManager:220 - loadIPPluginJar : add radio
2025-09-21 13:13:37,428 [INFO] IPUIPlugin:80 - create IPUIPlugin
2025-09-21 13:13:37,429 [INFO] PluginManager:220 - loadIPPluginJar : add resmgrutility
2025-09-21 13:13:37,442 [INFO] IPUIPlugin:80 - create IPUIPlugin
2025-09-21 13:13:37,442 [INFO] PluginManager:220 - loadIPPluginJar : add sai
2025-09-21 13:13:37,447 [INFO] IPUIPlugin:80 - create IPUIPlugin
2025-09-21 13:13:37,447 [INFO] PluginManager:220 - loadIPPluginJar : add spi
2025-09-21 13:13:37,455 [INFO] IPUIPlugin:80 - create IPUIPlugin
2025-09-21 13:13:37,455 [INFO] PluginManager:220 - loadIPPluginJar : add stm32_wpan
2025-09-21 13:13:37,458 [INFO] IPUIPlugin:80 - create IPUIPlugin
2025-09-21 13:13:37,458 [INFO] PluginManager:220 - loadIPPluginJar : add tim
2025-09-21 13:13:37,463 [INFO] IPUIPlugin:80 - create IPUIPlugin
2025-09-21 13:13:37,464 [INFO] PluginManager:220 - loadIPPluginJar : add touchsensing
2025-09-21 13:13:37,467 [INFO] IPUIPlugin:80 - create IPUIPlugin
2025-09-21 13:13:37,467 [INFO] PluginManager:220 - loadIPPluginJar : add tracer_emb
2025-09-21 13:13:37,470 [INFO] IPUIPlugin:80 - create IPUIPlugin
2025-09-21 13:13:37,471 [INFO] PluginManager:220 - loadIPPluginJar : add ts
2025-09-21 13:13:37,473 [INFO] IPUIPlugin:80 - create IPUIPlugin
2025-09-21 13:13:37,473 [INFO] PluginManager:220 - loadIPPluginJar : add tsc
2025-09-21 13:13:37,476 [INFO] IPUIPlugin:80 - create IPUIPlugin
2025-09-21 13:13:37,477 [INFO] PluginManager:220 - loadIPPluginJar : add ucpd
2025-09-21 13:13:37,481 [INFO] IPUIPlugin:80 - create IPUIPlugin
2025-09-21 13:13:37,482 [INFO] PluginManager:220 - loadIPPluginJar : add usart
2025-09-21 13:13:37,487 [INFO] IPUIPlugin:80 - create IPUIPlugin
2025-09-21 13:13:37,487 [INFO] PluginManager:220 - loadIPPluginJar : add usbx
2025-09-21 13:13:37,650 [FATAL] Updater:351 - Updater called before beeing initialized
2025-09-21 13:13:37,685 [INFO] RulesReader:64 - Compatibility file has been processed (317 Rules)
2025-09-21 13:13:37,696 [INFO] RulesReader:64 - Compatibility file has been processed (317 Rules)
2025-09-21 13:13:37,710 [INFO] CADModel:165 - CPN selected for project level
2025-09-21 13:13:37,710 [INFO] CADModel:114 - Register for checkConnection events
2025-09-21 13:13:37,711 [FATAL] Updater:351 - Updater called before beeing initialized
2025-09-21 13:13:37,711 [ERROR] CADModel:125 - Updater not yet initialized, retry later 
2025-09-21 13:13:37,891 [FATAL] Updater:351 - Updater called before beeing initialized
2025-09-21 13:13:37,894 [INFO] CADModel:165 - CPN selected for project level
2025-09-21 13:13:37,894 [INFO] CADModel:114 - Register for checkConnection events
2025-09-21 13:13:37,894 [FATAL] Updater:351 - Updater called before beeing initialized
2025-09-21 13:13:37,894 [ERROR] CADModel:125 - Updater not yet initialized, retry later 
2025-09-21 13:13:37,899 [FATAL] Updater:351 - Updater called before beeing initialized
2025-09-21 13:13:38,034 [FATAL] Updater:351 - Updater called before beeing initialized
2025-09-21 13:13:38,038 [INFO] DbMcusAds:53 - JSON generation date=Tue Jul 08 16:14:23 SGT 2025 (1751962463593)
2025-09-21 13:13:38,038 [FATAL] Updater:351 - Updater called before beeing initialized
2025-09-21 13:13:38,073 [WARN] DetailPanel:346 - Failed to get advertising image, set to default
2025-09-21 13:13:38,143 [FATAL] Updater:351 - Updater called before beeing initialized
2025-09-21 13:13:38,145 [FATAL] Updater:351 - Updater called before beeing initialized
2025-09-21 13:13:38,145 [FATAL] Updater:351 - Updater called before beeing initialized
2025-09-21 13:13:38,145 [WARN] DetailPanel:346 - Failed to get advertising image, set to default
2025-09-21 13:13:38,146 [FATAL] Updater:351 - Updater called before beeing initialized
2025-09-21 13:13:38,198 [ERROR] Updater:1198 - MainUpdater not yet initialized. External WinMGr cannot be set.
2025-09-21 13:13:38,200 [INFO] Updater:1134 - Updater Version found : 6.15.0
2025-09-21 13:13:38,215 [INFO] ApplicationProperties:184 - Using Application install path: C:\ST\STM32CubeIDE_1.19.0\STM32CubeIDE\plugins\com.st.stm32cube.common.mx_6.15.0.202507011659
2025-09-21 13:13:39,274 [INFO] ThirdPartyUpdaterWithRetryManager:70 - Updater plugin not ready yet. [2/15]
2025-09-21 13:13:39,791 [ERROR] LogOutputStream:75 - [STDERR_REDIRECT] Sep 21, 2025 1:13:39 PM java.util.prefs.WindowsPreferences <init>
2025-09-21 13:13:39,792 [ERROR] LogOutputStream:75 - [STDERR_REDIRECT] WARNING: Could not open/create prefs root node Software\JavaSoft\Prefs at root 0xffffffff80000002. Windows RegCreateKeyEx(...) returned error code 5.
2025-09-21 13:13:39,793 [ERROR] LogOutputStream:75 - [STDERR_REDIRECT] 
2025-09-21 13:13:40,160 [INFO] MainUpdater:2872 - connection check result : 10
2025-09-21 13:13:40,161 [INFO] MainUpdater:289 - Updater Check For Update Now.
2025-09-21 13:13:40,161 [INFO] MicroXplorer:498 - Change Database Version : DB.6.0.150
2025-09-21 13:13:40,168 [INFO] McuFinderGlobals:63 - Set McuFinder mode to 2 (CubeIDE integrated)
2025-09-21 13:13:40,168 [INFO] UserAuth:171 - activating auth plugin
2025-09-21 13:13:40,174 [INFO] UserAuth:487 - Internet connection configuration mode: 1
2025-09-21 13:13:40,207 [INFO] JxBrowserEngine:152 - Initiate JxBrowser Engine with user profile folder
2025-09-21 13:13:40,352 [INFO] CheckServerUpdateThread:120 - End of CheckServer Thread
2025-09-21 13:13:41,854 [INFO] WebApp:169 - Instantiating new browser for Auth
2025-09-21 13:13:42,608 [WARN] PackLoader:240 - Cannot read IP mode file for STMicroelectronics.FP-SNS-MOTENVWB1.1.4.0
2025-09-21 13:13:42,618 [WARN] PackLoader:240 - Cannot read IP mode file for STMicroelectronics.FP-ATR-ASTRA1.2.0.2
2025-09-21 13:13:42,629 [WARN] PackLoader:240 - Cannot read IP mode file for STMicroelectronics.X-CUBE-SMBUS.2.1.0
2025-09-21 13:13:42,638 [WARN] PackLoader:240 - Cannot read IP mode file for STMicroelectronics.X-CUBE-ST60.1.0.0
2025-09-21 13:13:42,644 [INFO] WebApp:463 - Apply proxy settings
2025-09-21 13:13:42,644 [INFO] WebApp:548 - Chromium requires no authentication
2025-09-21 13:13:42,668 [INFO] WebApp:491 - Direct internet connection detected
2025-09-21 13:13:42,671 [WARN] PackLoader:240 - Cannot read IP mode file for STMicroelectronics.X-CUBE-AZRTOS-F7.1.1.0
2025-09-21 13:13:42,693 [WARN] PackLoader:240 - Cannot read IP mode file for WES.I-CUBE-Cesium.1.4.0
2025-09-21 13:13:42,722 [INFO] WebApp:900 - Register for checkConnection events
2025-09-21 13:13:42,722 [INFO] WebApp:463 - Apply proxy settings
2025-09-21 13:13:42,722 [INFO] WebApp:548 - Chromium requires no authentication
2025-09-21 13:13:42,724 [INFO] WebApp:491 - Direct internet connection detected
2025-09-21 13:13:42,724 [WARN] PackLoader:240 - Cannot read IP mode file for Infineon.AIROC-Wi-Fi-Bluetooth-STM32.1.7.1
2025-09-21 13:13:42,757 [WARN] PackLoader:240 - Cannot read IP mode file for STMicroelectronics.X-CUBE-AZRTOS-H7.3.4.0
2025-09-21 13:13:42,772 [WARN] PackLoader:240 - Cannot read IP mode file for STMicroelectronics.X-CUBE-DISPLAY.3.0.0
2025-09-21 13:13:42,785 [WARN] PackLoader:240 - Cannot read IP mode file for STMicroelectronics.X-CUBE-NFC10.1.0.0
2025-09-21 13:13:42,794 [WARN] PackLoader:240 - Cannot read IP mode file for emotas.I-CUBE-CANOPEN.1.3.0
2025-09-21 13:13:42,801 [WARN] PackLoader:240 - Cannot read IP mode file for STMicroelectronics.FP-SNS-STBOX1.2.1.0
2025-09-21 13:13:42,807 [WARN] PackLoader:240 - Cannot read IP mode file for STMicroelectronics.FP-SNS-SMARTAG2.1.2.0
2025-09-21 13:13:42,813 [WARN] PackLoader:240 - Cannot read IP mode file for STMicroelectronics.FP-SNS-FLIGHT1.5.1.0
2025-09-21 13:13:42,823 [INFO] LogOutputStream:77 - [STDOUT_REDIRECT] 1 : Invalid condition id : UX_CORESTACK_Condition cause : null
2025-09-21 13:13:42,824 [INFO] LogOutputStream:77 - [STDOUT_REDIRECT] 1 : Invalid condition id : UX_CORESTACK_Condition cause : null
2025-09-21 13:13:42,825 [INFO] LogOutputStream:77 - [STDOUT_REDIRECT] 1 : Invalid condition id : UX_CORESTACK_Condition cause : null
2025-09-21 13:13:42,827 [INFO] LogOutputStream:77 - [STDOUT_REDIRECT] 1 : Invalid condition id : UX_CORESTACK_Condition cause : null
2025-09-21 13:13:42,828 [INFO] LogOutputStream:77 - [STDOUT_REDIRECT] 1 : Invalid condition id : UX_CORESTACK_Condition cause : null
2025-09-21 13:13:42,834 [WARN] PackLoader:240 - Cannot read IP mode file for STMicroelectronics.X-CUBE-AZRTOS-WL.2.0.0
2025-09-21 13:13:42,842 [WARN] PackLoader:240 - Cannot read IP mode file for STMicroelectronics.FP-SNS-MOTENV1.5.0.0
2025-09-21 13:13:42,853 [WARN] PackLoader:240 - Cannot read IP mode file for STMicroelectronics.X-CUBE-BLE2.3.3.0
2025-09-21 13:13:42,863 [WARN] PackLoader:240 - Cannot read IP mode file for STMicroelectronics.X-CUBE-NFC9.1.0.0
2025-09-21 13:13:42,873 [WARN] PackLoader:240 - Cannot read IP mode file for wolfSSL.I-CUBE-wolfSSL.5.8.2
2025-09-21 13:13:42,874 [INFO] WebApp:191 - Connection restablished
2025-09-21 13:13:42,880 [WARN] PackLoader:240 - Cannot read IP mode file for STMicroelectronics.X-CUBE-BLE1.7.1.0
2025-09-21 13:13:42,887 [WARN] PackLoader:240 - Cannot read IP mode file for wolfSSL.I-CUBE-wolfMQTT.1.19.2
2025-09-21 13:13:42,898 [WARN] PackLoader:240 - Cannot read IP mode file for STMicroelectronics.X-CUBE-EEPRMA1.5.2.0
2025-09-21 13:13:42,933 [WARN] PackLoader:240 - Cannot read IP mode file for STMicroelectronics.X-CUBE-AZRTOS-G0.1.1.0
2025-09-21 13:13:42,945 [WARN] PackLoader:240 - Cannot read IP mode file for STMicroelectronics.X-CUBE-SAFEA1.1.2.2
2025-09-21 13:13:42,956 [WARN] PackLoader:240 - Cannot read IP mode file for STMicroelectronics.X-CUBE-NFC4.3.0.0
2025-09-21 13:13:42,970 [WARN] PackLoader:240 - Cannot read IP mode file for EmbeddedOffice.I-CUBE-FS-RTOS.1.0.1
2025-09-21 13:13:42,978 [WARN] PackLoader:240 - Cannot read IP mode file for STMicroelectronics.X-CUBE-WB05N.2.0.0
2025-09-21 13:13:42,984 [WARN] PackLoader:240 - Cannot read IP mode file for wolfSSL.I-CUBE-wolfTPM.3.8.0
2025-09-21 13:13:42,992 [WARN] PackLoader:240 - Cannot read IP mode file for STMicroelectronics.X-CUBE-TCPP.4.2.0
2025-09-21 13:13:43,002 [WARN] PackLoader:240 - Cannot read IP mode file for RealThread.X-CUBE-RT-Thread_Nano.4.1.1
2025-09-21 13:13:43,009 [WARN] PackLoader:240 - Cannot read IP mode file for STMicroelectronics.FP-ATR-SIGFOX1.3.2.0
2025-09-21 13:13:43,018 [WARN] PackLoader:240 - Cannot read IP mode file for ITTIA_DB.I-CUBE-ITTIADB.8.9.0
2025-09-21 13:13:43,026 [WARN] PackLoader:240 - Cannot read IP mode file for STMicroelectronics.X-CUBE-ST67W61.1.0.0
2025-09-21 13:13:43,032 [WARN] PackLoader:240 - Cannot read IP mode file for STMicroelectronics.X-CUBE-AI.10.2.0
2025-09-21 13:13:43,056 [WARN] PackLoader:240 - Cannot read IP mode file for SEGGER.I-CUBE-embOS.1.3.1
2025-09-21 13:13:43,097 [WARN] PackLoader:240 - Cannot read IP mode file for STMicroelectronics.X-CUBE-ALGOBUILD.1.4.0
2025-09-21 13:13:43,138 [INFO] WebApp:225 - Starting web application
2025-09-21 13:13:43,140 [INFO] WebApp:593 - Web application path used C:\ST\STM32CubeIDE_1.19.0\STM32CubeIDE\plugins\com.st.stm32cube.common.mx_6.15.0.202507011659\db\plugins\mcufinder\reactClient1\index.html
2025-09-21 13:13:43,153 [WARN] PackLoader:240 - Cannot read IP mode file for STMicroelectronics.X-CUBE-MEMS1.11.3.0
2025-09-21 13:13:43,392 [WARN] PackLoader:240 - Cannot read IP mode file for STMicroelectronics.X-CUBE-PM33A1.1.0.0
2025-09-21 13:13:43,419 [WARN] PackLoader:240 - Cannot read IP mode file for STMicroelectronics.X-CUBE-AZRTOS-F4.1.1.0
2025-09-21 13:13:43,431 [WARN] PackLoader:240 - Cannot read IP mode file for Avnet-IotConnect.X-CUBE-IoTC-DA16k-PMOD.1.0.0
2025-09-21 13:13:43,441 [WARN] PackLoader:240 - Cannot read IP mode file for STMicroelectronics.X-CUBE-ISPU.2.1.0
2025-09-21 13:13:43,454 [WARN] PackLoader:240 - Cannot read IP mode file for STMicroelectronics.X-CUBE-NFC12.1.0.0
2025-09-21 13:13:43,473 [WARN] PackLoader:240 - Cannot read IP mode file for STMicroelectronics.X-CUBE-AZRTOS-L5.2.0.0
2025-09-21 13:13:43,484 [WARN] PackLoader:240 - Cannot read IP mode file for STMicroelectronics.X-CUBE-NFC6.3.1.0
2025-09-21 13:13:43,495 [WARN] PackLoader:240 - Cannot read IP mode file for STMicroelectronics.X-CUBE-FREERTOS.1.3.1
2025-09-21 13:13:43,504 [WARN] PackLoader:240 - Cannot read IP mode file for STMicroelectronics.FP-SNS-STAIOTCFT.1.0.0
2025-09-21 13:13:43,512 [WARN] PackLoader:240 - Cannot read IP mode file for STMicroelectronics.X-CUBE-DPower.1.3.0
2025-09-21 13:13:43,536 [WARN] ConditionMgr:438 - getConditionDescription Invalid condition id : LAN8742 Phy interface Condition cause : null
2025-09-21 13:13:43,537 [WARN] PackLoader:240 - Cannot read IP mode file for STMicroelectronics.X-CUBE-AZRTOS-L4.2.0.0
2025-09-21 13:13:43,539 [WARN] ConditionMgr:1044 - genDependencies : Invalid condition id : LAN8742 Phy interface Condition cause : null
2025-09-21 13:13:43,539 [WARN] ConditionMgr:1044 - genDependencies : Invalid condition id : LAN8742 Phy interface Condition cause : null
2025-09-21 13:13:43,539 [WARN] ConditionMgr:1044 - genDependencies : Invalid condition id : LAN8742 Phy interface Condition cause : null
2025-09-21 13:13:43,550 [WARN] PackLoader:240 - Cannot read IP mode file for STMicroelectronics.X-CUBE-SFXS2LP1.4.0.0
2025-09-21 13:13:43,565 [WARN] PackLoader:240 - Cannot read IP mode file for STMicroelectronics.X-CUBE-BLEMGR.4.1.0
2025-09-21 13:13:43,583 [WARN] ConditionMgr:438 - getConditionDescription Invalid condition id : UX DEVICE CLASS RTOS Condition cause : null
2025-09-21 13:13:43,583 [WARN] ConditionMgr:438 - getConditionDescription Invalid condition id : UX DEVICE CLASS RTOS Condition cause : null
2025-09-21 13:13:43,594 [WARN] PackLoader:240 - Cannot read IP mode file for STMicroelectronics.X-CUBE-AZRTOS-WB.2.0.0
2025-09-21 13:13:43,595 [WARN] ConditionMgr:1044 - genDependencies : Invalid condition id : UX DEVICE CLASS RTOS Condition cause : null
2025-09-21 13:13:43,595 [WARN] ConditionMgr:1044 - genDependencies : Invalid condition id : UX DEVICE CLASS RTOS Condition cause : null
2025-09-21 13:13:43,595 [WARN] ConditionMgr:1044 - genDependencies : Invalid condition id : UX DEVICE CLASS RTOS Condition cause : null
2025-09-21 13:13:43,596 [WARN] ConditionMgr:1044 - genDependencies : Invalid condition id : UX DEVICE CLASS RTOS Condition cause : null
2025-09-21 13:13:43,596 [WARN] ConditionMgr:1044 - genDependencies : Invalid condition id : UX DEVICE CLASS RTOS Condition cause : null
2025-09-21 13:13:43,605 [WARN] PackLoader:240 - Cannot read IP mode file for STMicroelectronics.X-CUBE-GNSS1.7.0.1
2025-09-21 13:13:43,613 [WARN] PackLoader:240 - Cannot read IP mode file for STMicroelectronics.X-CUBE-TOUCHGFX.4.25.0
2025-09-21 13:13:43,619 [WARN] ConditionMgr:438 - getConditionDescription Invalid condition id : Cortex-A Device cause : null
2025-09-21 13:13:43,643 [WARN] ConditionMgr:1044 - genDependencies : Invalid condition id : Cortex-A Device cause : null
2025-09-21 13:13:43,643 [WARN] ConditionMgr:1044 - genDependencies : Invalid condition id : Cortex-A Device cause : null
2025-09-21 13:13:43,645 [WARN] ConditionMgr:1044 - genDependencies : Invalid condition id : Cortex-A Device cause : null
2025-09-21 13:13:43,661 [WARN] PackLoader:240 - Cannot read IP mode file for STMicroelectronics.X-CUBE-SUBG2.5.0.0
2025-09-21 13:13:43,695 [WARN] PackLoader:240 - Cannot read IP mode file for STMicroelectronics.X-CUBE-AZRTOS-H7RS.1.1.0
2025-09-21 13:13:43,707 [WARN] PackLoader:240 - Cannot read IP mode file for Cesanta.I-CUBE-Mongoose.7.13.0
2025-09-21 13:13:43,723 [WARN] PackLoader:240 - Cannot read IP mode file for STMicroelectronics.X-CUBE-AZRTOS-G4.2.0.0
2025-09-21 13:13:43,737 [WARN] PackLoader:240 - Cannot read IP mode file for wolfSSL.I-CUBE-wolfSSH.1.4.20
2025-09-21 13:13:43,745 [WARN] PackLoader:240 - Cannot read IP mode file for STMicroelectronics.X-CUBE-NFC7.2.0.0
2025-09-21 13:13:43,762 [WARN] PackLoader:240 - Cannot read IP mode file for STMicroelectronics.X-CUBE-IPS.3.1.0
2025-09-21 13:13:43,775 [WARN] PackLoader:240 - Cannot read IP mode file for STMicroelectronics.X-CUBE-ALS.1.0.2
2025-09-21 13:13:43,783 [WARN] PackLoader:240 - Cannot read IP mode file for STMicroelectronics.X-CUBE-STSE01.1.0.0
2025-09-21 13:13:43,797 [WARN] PackLoader:240 - Cannot read IP mode file for STMicroelectronics.X-CUBE-TOF1.3.4.3
2025-09-21 13:13:43,807 [INFO] ThirdParty:978 - Integrity check success = true
2025-09-21 13:13:43,807 [INFO] IntegrityCheckThread:100 - exiting critical section [integrity check]
2025-09-21 13:13:43,807 [INFO] IntegrityCheckThread:103 - End integrity checks thread
2025-10-02 10:55:30,828 [INFO] Activator:176 - 


2025-10-02 10:55:30,829 [INFO] Activator:177 - !SESSION log4j initialized
2025-10-02 10:55:37,200 [INFO] LogOutputStream:77 - [STDOUT_REDIRECT] 
2025-10-02 10:55:38,742 [INFO] ApplicationProperties:184 - Using Application install path: C:\ST\STM32CubeIDE_1.19.0\STM32CubeIDE\plugins\com.st.stm32cube.common.mx_6.15.0.202507011659
2025-10-02 10:55:38,773 [INFO] DbMcusXml:78 - Set database path to: C:\ST\STM32CubeIDE_1.19.0\STM32CubeIDE\plugins\com.st.stm32cube.common.mx_6.15.0.202507011659\\db\/mcu/
2025-10-02 10:55:38,773 [INFO] ApiDb:274 - Set plugin database path to: C:\ST\STM32CubeIDE_1.19.0\STM32CubeIDE\plugins\com.st.stm32cube.common.mx_6.15.0.202507011659\\db\/plugins/boardmanager/
2025-10-02 10:55:38,774 [WARN] ApiDb:259 - Overriding images path with different value:  => C:\ST\STM32CubeIDE_1.19.0\STM32CubeIDE\plugins\com.st.stm32cube.common.mx_6.15.0.202507011659\\db\/plugins/mcufinder/images/
2025-10-02 10:55:38,788 [INFO] ApiDb:250 - Set database path to: C:\Users\noora\.stmcufinder\plugins\mcufinder//mcu/
2025-10-02 10:55:38,790 [INFO] DbMcusAds:125 - Set database path to: C:\Users\noora\.stmcufinder\plugins\mcufinder//mcu/
2025-10-02 10:55:38,794 [INFO] CrossReferenceDbSqlite:203 - Set database path to: C:\Users\noora\.stmcufinder\plugins\mcufinder//mcu/cs/
2025-10-02 10:55:39,014 [INFO] RulesReader:64 - Compatibility file has been processed (317 Rules)
2025-10-02 10:55:39,203 [INFO] DbMcusXml:78 - Set database path to: C:\ST\STM32CubeIDE_1.19.0\STM32CubeIDE\plugins\com.st.stm32cube.common.mx_6.15.0.202507011659\\db\/mcu/
2025-10-02 10:55:39,203 [INFO] ApiDb:274 - Set plugin database path to: C:\ST\STM32CubeIDE_1.19.0\STM32CubeIDE\plugins\com.st.stm32cube.common.mx_6.15.0.202507011659\\db\/plugins/boardmanager/
2025-10-02 10:55:39,205 [INFO] ApiDb:261 - Set plugin images path to: C:\ST\STM32CubeIDE_1.19.0\STM32CubeIDE\plugins\com.st.stm32cube.common.mx_6.15.0.202507011659\\db\/plugins/mcufinder/images/
2025-10-02 10:55:39,205 [WARN] DbFile:41 - Overriding database path with different value: C:\Users\noora\.stmcufinder\plugins\mcufinder/ => C:\Users\noora\.stmcufinder\plugins\mcufinder
2025-10-02 10:55:39,205 [INFO] ApiDb:250 - Set database path to: C:\Users\noora\.stmcufinder\plugins\mcufinder//mcu/
2025-10-02 10:55:39,205 [WARN] DbFile:41 - Overriding database path with different value: C:\Users\noora\.stmcufinder\plugins\mcufinder/ => C:\Users\noora\.stmcufinder\plugins\mcufinder
2025-10-02 10:55:39,205 [INFO] DbMcusAds:125 - Set database path to: C:\Users\noora\.stmcufinder\plugins\mcufinder//mcu/
2025-10-02 10:55:39,205 [WARN] DbFile:41 - Overriding database path with different value: C:\Users\noora\.stmcufinder\plugins\mcufinder/ => C:\Users\noora\.stmcufinder\plugins\mcufinder
2025-10-02 10:55:39,206 [WARN] DbFile:41 - Overriding database path with different value: C:\Users\noora\.stmcufinder\plugins\mcufinder/ => C:\Users\noora\.stmcufinder\plugins\mcufinder
2025-10-02 10:55:39,206 [INFO] CrossReferenceDbSqlite:203 - Set database path to: C:\Users\noora\.stmcufinder\plugins\mcufinder//mcu/cs/
2025-10-02 10:55:39,375 [INFO] MainPanel:274 - HeapMemory: 268435456
2025-10-02 10:55:39,628 [INFO] DbMcusXml:78 - Set database path to: C:\ST\STM32CubeIDE_1.19.0\STM32CubeIDE\plugins\com.st.stm32cube.common.mx_6.15.0.202507011659\\db\/mcu/
2025-10-02 10:55:39,628 [INFO] ApiDb:274 - Set plugin database path to: C:\ST\STM32CubeIDE_1.19.0\STM32CubeIDE\plugins\com.st.stm32cube.common.mx_6.15.0.202507011659\\db\/plugins/boardmanager/
2025-10-02 10:55:39,629 [INFO] ApiDb:261 - Set plugin images path to: C:\ST\STM32CubeIDE_1.19.0\STM32CubeIDE\plugins\com.st.stm32cube.common.mx_6.15.0.202507011659\\db\/plugins/mcufinder/images/
2025-10-02 10:55:39,629 [WARN] DbFile:41 - Overriding database path with different value: C:\Users\noora\.stmcufinder\plugins\mcufinder/ => C:\Users\noora\.stmcufinder\plugins\mcufinder
2025-10-02 10:55:39,629 [INFO] ApiDb:250 - Set database path to: C:\Users\noora\.stmcufinder\plugins\mcufinder//mcu/
2025-10-02 10:55:39,629 [WARN] DbFile:41 - Overriding database path with different value: C:\Users\noora\.stmcufinder\plugins\mcufinder/ => C:\Users\noora\.stmcufinder\plugins\mcufinder
2025-10-02 10:55:39,629 [INFO] DbMcusAds:125 - Set database path to: C:\Users\noora\.stmcufinder\plugins\mcufinder//mcu/
2025-10-02 10:55:39,629 [WARN] DbFile:41 - Overriding database path with different value: C:\Users\noora\.stmcufinder\plugins\mcufinder/ => C:\Users\noora\.stmcufinder\plugins\mcufinder
2025-10-02 10:55:39,629 [WARN] DbFile:41 - Overriding database path with different value: C:\Users\noora\.stmcufinder\plugins\mcufinder/ => C:\Users\noora\.stmcufinder\plugins\mcufinder
2025-10-02 10:55:39,631 [INFO] CrossReferenceDbSqlite:203 - Set database path to: C:\Users\noora\.stmcufinder\plugins\mcufinder//mcu/cs/
2025-10-02 10:55:39,655 [INFO] ApplicationProperties:184 - Using Application install path: C:\ST\STM32CubeIDE_1.19.0\STM32CubeIDE\plugins\com.st.stm32cube.common.mx_6.15.0.202507011659
2025-10-02 10:55:39,656 [INFO] PluginManage:196 - Search for loadable plugins [exclusion list=, ]
2025-10-02 10:55:39,659 [INFO] PluginManage:310 - Check plugin analytics
2025-10-02 10:55:40,004 [INFO] AnalyticsPlugin:253 - Accepted Software Licenses: 
2025-10-02 10:55:40,005 [INFO] AnalyticsPlugin:255 - Accepted CMSIS Pack Licenses: 
2025-10-02 10:55:40,005 [INFO] AnalyticsPlugin:257 - Accepted Firmware Licenses: FW.F4.1.28.0
2025-10-02 10:55:40,010 [INFO] PluginManage:359 - Loaded plugin analytics (category:tool,tabindex:-1)
2025-10-02 10:55:40,010 [INFO] PluginManage:310 - Check plugin cadmodel
2025-10-02 10:55:40,019 [INFO] CADModel:105 - Init CAD model plugin
2025-10-02 10:55:40,019 [INFO] PluginManage:359 - Loaded plugin cadmodel (category:power,tabindex:5)
2025-10-02 10:55:40,019 [INFO] PluginManage:310 - Check plugin clock
2025-10-02 10:55:40,039 [INFO] PluginManage:359 - Loaded plugin clock (category:base,tabindex:2)
2025-10-02 10:55:40,040 [INFO] PluginManage:310 - Check plugin ddr
2025-10-02 10:55:40,045 [INFO] PluginManage:359 - Loaded plugin ddr (category:tool,tabindex:6)
2025-10-02 10:55:40,046 [INFO] PluginManage:310 - Check plugin filemanager
2025-10-02 10:55:40,272 [INFO] PluginManage:359 - Loaded plugin filemanager (category:base,tabindex:10)
2025-10-02 10:55:40,272 [INFO] PluginManage:310 - Check plugin ipmanager
2025-10-02 10:55:40,281 [INFO] PluginManage:359 - Loaded plugin ipmanager (category:base,tabindex:5)
2025-10-02 10:55:40,281 [INFO] PluginManage:310 - Check plugin lpbam
2025-10-02 10:55:40,293 [INFO] PluginManage:359 - Loaded plugin lpbam (category:base,tabindex:0)
2025-10-02 10:55:40,293 [INFO] PluginManage:310 - Check plugin memorymap
2025-10-02 10:55:40,318 [INFO] PluginManage:359 - Loaded plugin memorymap (category:base,tabindex:4)
2025-10-02 10:55:40,318 [INFO] PluginManage:310 - Check plugin pinoutandconfiguration
2025-10-02 10:55:40,331 [INFO] PluginManage:359 - Loaded plugin pinoutandconfiguration (category:base,tabindex:1)
2025-10-02 10:55:40,332 [INFO] PluginManage:310 - Check plugin pinoutconfig
2025-10-02 10:55:40,479 [WARN] SupportedApi:132 - Cannot load RTOS API schema: s4s-elt-must-match.1: The content of 'definitions' must match (annotation?, (simpleType | complexType)?, (unique | key | keyref)*)). A problem was found starting at: attribute.
2025-10-02 10:55:40,798 [INFO] PluginManage:359 - Loaded plugin pinoutconfig (category:base,tabindex:0)
2025-10-02 10:55:40,800 [INFO] PluginManage:310 - Check plugin power
2025-10-02 10:55:40,830 [INFO] PluginManage:359 - Loaded plugin power (category:power,tabindex:4)
2025-10-02 10:55:40,830 [INFO] PluginManage:310 - Check plugin projectmanager
2025-10-02 10:55:40,864 [INFO] PluginManage:359 - Loaded plugin projectmanager (category:projectmanager,tabindex:4)
2025-10-02 10:55:40,864 [INFO] PluginManage:310 - Check plugin rif
2025-10-02 10:55:40,882 [INFO] PluginManage:359 - Loaded plugin rif (category:base,tabindex:3)
2025-10-02 10:55:40,883 [INFO] PluginManage:310 - Check plugin thirdparty
2025-10-02 10:55:41,172 [INFO] PluginManage:359 - Loaded plugin thirdparty (category:base,tabindex:-1)
2025-10-02 10:55:41,172 [WARN] IntegrityCheckThread:84 - waiting for thirdparty lock release [integrity check]
2025-10-02 10:55:41,172 [INFO] PluginManage:310 - Check plugin tools
2025-10-02 10:55:41,172 [INFO] IntegrityCheckThread:86 - entering critical section [integrity check]
2025-10-02 10:55:41,173 [INFO] ThirdPartyUpdaterWithRetryManager:70 - Updater plugin not ready yet. [1/15]
2025-10-02 10:55:41,178 [INFO] PluginManage:359 - Loaded plugin tools (category:base,tabindex:7)
2025-10-02 10:55:41,179 [INFO] PluginManage:310 - Check plugin tutovideos
2025-10-02 10:55:41,638 [INFO] PluginManage:359 - Loaded plugin tutovideos (category:base,tabindex:-1)
2025-10-02 10:55:41,639 [INFO] PluginManage:310 - Check plugin updater
2025-10-02 10:55:41,671 [INFO] PluginManage:359 - Loaded plugin updater (category:base,tabindex:12)
2025-10-02 10:55:41,671 [INFO] PluginManage:310 - Check plugin userauth
2025-10-02 10:55:41,679 [INFO] UserAuth:118 - Init User Auth plugin
2025-10-02 10:55:41,680 [INFO] PluginManage:359 - Loaded plugin userauth (category:base,tabindex:14)
2025-10-02 10:55:41,681 [INFO] PluginManage:283 - PluginManage : Loaded plugins [18]
2025-10-02 10:55:42,087 [INFO] PinOutPanel:1589 - setPackage(No Configuration,No Configuration)
2025-10-02 10:55:42,208 [INFO] CADModel:165 - CPN selected for project level
2025-10-02 10:55:42,208 [INFO] CADModel:114 - Register for checkConnection events
2025-10-02 10:55:42,245 [INFO] IPUIPlugin:80 - create IPUIPlugin
2025-10-02 10:55:42,245 [INFO] PluginManager:220 - loadIPPluginJar : add adc
2025-10-02 10:55:42,250 [INFO] IPUIPlugin:80 - create IPUIPlugin
2025-10-02 10:55:42,251 [INFO] PluginManager:220 - loadIPPluginJar : add aes
2025-10-02 10:55:42,256 [INFO] IPUIPlugin:80 - create IPUIPlugin
2025-10-02 10:55:42,256 [INFO] PluginManager:220 - loadIPPluginJar : add can
2025-10-02 10:55:42,259 [INFO] IPUIPlugin:80 - create IPUIPlugin
2025-10-02 10:55:42,260 [INFO] PluginManager:220 - loadIPPluginJar : add comp
2025-10-02 10:55:42,265 [INFO] IPUIPlugin:80 - create IPUIPlugin
2025-10-02 10:55:42,265 [INFO] PluginManager:220 - loadIPPluginJar : add cryp
2025-10-02 10:55:42,271 [INFO] IPUIPlugin:80 - create IPUIPlugin
2025-10-02 10:55:42,271 [INFO] PluginManager:220 - loadIPPluginJar : add ddr_ctrl_phy
2025-10-02 10:55:42,276 [INFO] IPUIPlugin:80 - create IPUIPlugin
2025-10-02 10:55:42,276 [INFO] PluginManager:220 - loadIPPluginJar : add dfsdm
2025-10-02 10:55:42,284 [INFO] IPUIPlugin:80 - create IPUIPlugin
2025-10-02 10:55:42,284 [INFO] PluginManager:220 - loadIPPluginJar : add dma
2025-10-02 10:55:42,289 [INFO] IPUIPlugin:80 - create IPUIPlugin
2025-10-02 10:55:42,289 [INFO] PluginManager:220 - loadIPPluginJar : add dma3
2025-10-02 10:55:42,294 [INFO] IPUIPlugin:80 - create IPUIPlugin
2025-10-02 10:55:42,294 [INFO] PluginManager:220 - loadIPPluginJar : add extmemmanager
2025-10-02 10:55:42,297 [INFO] IPUIPlugin:80 - create IPUIPlugin
2025-10-02 10:55:42,297 [INFO] PluginManager:220 - loadIPPluginJar : add fatfs
2025-10-02 10:55:42,304 [INFO] IPUIPlugin:80 - create IPUIPlugin
2025-10-02 10:55:42,304 [INFO] PluginManager:220 - loadIPPluginJar : add fmc
2025-10-02 10:55:42,316 [INFO] IPUIPlugin:80 - create IPUIPlugin
2025-10-02 10:55:42,317 [INFO] PluginManager:220 - loadIPPluginJar : add freertos
2025-10-02 10:55:42,319 [INFO] IPUIPlugin:80 - create IPUIPlugin
2025-10-02 10:55:42,319 [INFO] PluginManager:220 - loadIPPluginJar : add genericplugin
2025-10-02 10:55:42,325 [INFO] IPUIPlugin:80 - create IPUIPlugin
2025-10-02 10:55:42,325 [INFO] PluginManager:220 - loadIPPluginJar : add gfxmmu
2025-10-02 10:55:42,332 [INFO] IPUIPlugin:80 - create IPUIPlugin
2025-10-02 10:55:42,332 [INFO] PluginManager:220 - loadIPPluginJar : add gic
2025-10-02 10:55:42,338 [INFO] IPUIPlugin:80 - create IPUIPlugin
2025-10-02 10:55:42,339 [INFO] PluginManager:220 - loadIPPluginJar : add gpio
2025-10-02 10:55:42,343 [INFO] IPUIPlugin:80 - create IPUIPlugin
2025-10-02 10:55:42,343 [INFO] PluginManager:220 - loadIPPluginJar : add gtzc
2025-10-02 10:55:42,347 [INFO] IPUIPlugin:80 - create IPUIPlugin
2025-10-02 10:55:42,348 [INFO] PluginManager:220 - loadIPPluginJar : add hash
2025-10-02 10:55:42,352 [INFO] IPUIPlugin:80 - create IPUIPlugin
2025-10-02 10:55:42,352 [INFO] PluginManager:220 - loadIPPluginJar : add i2c
2025-10-02 10:55:42,357 [INFO] IPUIPlugin:80 - create IPUIPlugin
2025-10-02 10:55:42,357 [INFO] PluginManager:220 - loadIPPluginJar : add i2s
2025-10-02 10:55:42,362 [INFO] IPUIPlugin:80 - create IPUIPlugin
2025-10-02 10:55:42,362 [INFO] PluginManager:220 - loadIPPluginJar : add i3c
2025-10-02 10:55:42,366 [INFO] IPUIPlugin:80 - create IPUIPlugin
2025-10-02 10:55:42,366 [INFO] PluginManager:220 - loadIPPluginJar : add ipddr
2025-10-02 10:55:42,377 [INFO] IPUIPlugin:80 - create IPUIPlugin
2025-10-02 10:55:42,377 [INFO] PluginManager:220 - loadIPPluginJar : add linkedlist
2025-10-02 10:55:42,381 [INFO] IPUIPlugin:80 - create IPUIPlugin
2025-10-02 10:55:42,382 [INFO] PluginManager:220 - loadIPPluginJar : add lorawan
2025-10-02 10:55:42,384 [INFO] IPUIPlugin:80 - create IPUIPlugin
2025-10-02 10:55:42,385 [INFO] PluginManager:220 - loadIPPluginJar : add ltdc
2025-10-02 10:55:42,393 [INFO] IPUIPlugin:80 - create IPUIPlugin
2025-10-02 10:55:42,393 [INFO] PluginManager:220 - loadIPPluginJar : add mdma
2025-10-02 10:55:42,398 [INFO] IPUIPlugin:80 - create IPUIPlugin
2025-10-02 10:55:42,398 [INFO] PluginManager:220 - loadIPPluginJar : add nvic
2025-10-02 10:55:42,404 [INFO] IPUIPlugin:80 - create IPUIPlugin
2025-10-02 10:55:42,404 [INFO] PluginManager:220 - loadIPPluginJar : add opamp
2025-10-02 10:55:42,409 [INFO] IPUIPlugin:80 - create IPUIPlugin
2025-10-02 10:55:42,409 [INFO] PluginManager:220 - loadIPPluginJar : add openamp
2025-10-02 10:55:42,414 [INFO] IPUIPlugin:80 - create IPUIPlugin
2025-10-02 10:55:42,414 [INFO] PluginManager:220 - loadIPPluginJar : add pdm2pcm
2025-10-02 10:55:42,425 [INFO] IPUIPlugin:80 - create IPUIPlugin
2025-10-02 10:55:42,429 [INFO] PluginManager:220 - loadIPPluginJar : add plateformsettings
2025-10-02 10:55:42,433 [INFO] IPUIPlugin:80 - create IPUIPlugin
2025-10-02 10:55:42,433 [INFO] PluginManager:220 - loadIPPluginJar : add quadspi
2025-10-02 10:55:42,437 [INFO] IPUIPlugin:80 - create IPUIPlugin
2025-10-02 10:55:42,438 [INFO] PluginManager:220 - loadIPPluginJar : add radio
2025-10-02 10:55:42,444 [INFO] IPUIPlugin:80 - create IPUIPlugin
2025-10-02 10:55:42,444 [INFO] PluginManager:220 - loadIPPluginJar : add resmgrutility
2025-10-02 10:55:42,448 [INFO] IPUIPlugin:80 - create IPUIPlugin
2025-10-02 10:55:42,448 [INFO] PluginManager:220 - loadIPPluginJar : add sai
2025-10-02 10:55:42,452 [INFO] IPUIPlugin:80 - create IPUIPlugin
2025-10-02 10:55:42,453 [INFO] PluginManager:220 - loadIPPluginJar : add spi
2025-10-02 10:55:42,460 [INFO] IPUIPlugin:80 - create IPUIPlugin
2025-10-02 10:55:42,461 [INFO] PluginManager:220 - loadIPPluginJar : add stm32_wpan
2025-10-02 10:55:42,463 [INFO] IPUIPlugin:80 - create IPUIPlugin
2025-10-02 10:55:42,463 [INFO] PluginManager:220 - loadIPPluginJar : add tim
2025-10-02 10:55:42,469 [INFO] IPUIPlugin:80 - create IPUIPlugin
2025-10-02 10:55:42,469 [INFO] PluginManager:220 - loadIPPluginJar : add touchsensing
2025-10-02 10:55:42,473 [INFO] IPUIPlugin:80 - create IPUIPlugin
2025-10-02 10:55:42,473 [INFO] PluginManager:220 - loadIPPluginJar : add tracer_emb
2025-10-02 10:55:42,476 [INFO] IPUIPlugin:80 - create IPUIPlugin
2025-10-02 10:55:42,476 [INFO] PluginManager:220 - loadIPPluginJar : add ts
2025-10-02 10:55:42,479 [INFO] IPUIPlugin:80 - create IPUIPlugin
2025-10-02 10:55:42,479 [INFO] PluginManager:220 - loadIPPluginJar : add tsc
2025-10-02 10:55:42,481 [INFO] IPUIPlugin:80 - create IPUIPlugin
2025-10-02 10:55:42,482 [INFO] PluginManager:220 - loadIPPluginJar : add ucpd
2025-10-02 10:55:42,486 [INFO] IPUIPlugin:80 - create IPUIPlugin
2025-10-02 10:55:42,486 [INFO] PluginManager:220 - loadIPPluginJar : add usart
2025-10-02 10:55:42,491 [INFO] IPUIPlugin:80 - create IPUIPlugin
2025-10-02 10:55:42,491 [INFO] PluginManager:220 - loadIPPluginJar : add usbx
2025-10-02 10:55:42,636 [FATAL] Updater:351 - Updater called before beeing initialized
2025-10-02 10:55:42,681 [INFO] RulesReader:64 - Compatibility file has been processed (317 Rules)
2025-10-02 10:55:42,707 [INFO] RulesReader:64 - Compatibility file has been processed (317 Rules)
2025-10-02 10:55:42,723 [INFO] CADModel:165 - CPN selected for project level
2025-10-02 10:55:42,723 [INFO] CADModel:114 - Register for checkConnection events
2025-10-02 10:55:42,723 [FATAL] Updater:351 - Updater called before beeing initialized
2025-10-02 10:55:42,723 [ERROR] CADModel:125 - Updater not yet initialized, retry later 
2025-10-02 10:55:42,937 [FATAL] Updater:351 - Updater called before beeing initialized
2025-10-02 10:55:42,939 [INFO] CADModel:165 - CPN selected for project level
2025-10-02 10:55:42,939 [INFO] CADModel:114 - Register for checkConnection events
2025-10-02 10:55:42,939 [FATAL] Updater:351 - Updater called before beeing initialized
2025-10-02 10:55:42,939 [ERROR] CADModel:125 - Updater not yet initialized, retry later 
2025-10-02 10:55:42,941 [FATAL] Updater:351 - Updater called before beeing initialized
2025-10-02 10:55:43,075 [FATAL] Updater:351 - Updater called before beeing initialized
2025-10-02 10:55:43,078 [INFO] DbMcusAds:53 - JSON generation date=Tue Jul 08 16:14:23 SGT 2025 (1751962463593)
2025-10-02 10:55:43,078 [FATAL] Updater:351 - Updater called before beeing initialized
2025-10-02 10:55:43,122 [WARN] DetailPanel:346 - Failed to get advertising image, set to default
2025-10-02 10:55:43,232 [FATAL] Updater:351 - Updater called before beeing initialized
2025-10-02 10:55:43,235 [FATAL] Updater:351 - Updater called before beeing initialized
2025-10-02 10:55:43,235 [FATAL] Updater:351 - Updater called before beeing initialized
2025-10-02 10:55:43,235 [WARN] DetailPanel:346 - Failed to get advertising image, set to default
2025-10-02 10:55:43,236 [FATAL] Updater:351 - Updater called before beeing initialized
2025-10-02 10:55:43,310 [ERROR] Updater:1198 - MainUpdater not yet initialized. External WinMGr cannot be set.
2025-10-02 10:55:43,314 [INFO] Updater:1134 - Updater Version found : 6.15.0
2025-10-02 10:55:43,343 [INFO] ApplicationProperties:184 - Using Application install path: C:\ST\STM32CubeIDE_1.19.0\STM32CubeIDE\plugins\com.st.stm32cube.common.mx_6.15.0.202507011659
2025-10-02 10:55:44,175 [INFO] ThirdPartyUpdaterWithRetryManager:70 - Updater plugin not ready yet. [2/15]
2025-10-02 10:55:44,933 [ERROR] LogOutputStream:75 - [STDERR_REDIRECT] Oct 02, 2025 10:55:44 AM java.util.prefs.WindowsPreferences <init>
2025-10-02 10:55:44,935 [ERROR] LogOutputStream:75 - [STDERR_REDIRECT] WARNING: Could not open/create prefs root node Software\JavaSoft\Prefs at root 0xffffffff80000002. Windows RegCreateKeyEx(...) returned error code 5.
2025-10-02 10:55:44,936 [ERROR] LogOutputStream:75 - [STDERR_REDIRECT] 
2025-10-02 10:55:45,369 [INFO] MainUpdater:2872 - connection check result : 10
2025-10-02 10:55:45,370 [INFO] MainUpdater:289 - Updater Check For Update Now.
2025-10-02 10:55:45,370 [INFO] MicroXplorer:498 - Change Database Version : DB.6.0.150
2025-10-02 10:55:45,377 [INFO] McuFinderGlobals:63 - Set McuFinder mode to 2 (CubeIDE integrated)
2025-10-02 10:55:45,377 [INFO] UserAuth:171 - activating auth plugin
2025-10-02 10:55:45,381 [INFO] UserAuth:487 - Internet connection configuration mode: 1
2025-10-02 10:55:45,411 [INFO] JxBrowserEngine:152 - Initiate JxBrowser Engine with user profile folder
2025-10-02 10:55:45,559 [INFO] CheckServerUpdateThread:120 - End of CheckServer Thread
2025-10-02 10:55:47,396 [INFO] WebApp:169 - Instantiating new browser for Auth
2025-10-02 10:55:47,574 [WARN] PackLoader:240 - Cannot read IP mode file for STMicroelectronics.FP-SNS-MOTENVWB1.1.4.0
2025-10-02 10:55:47,582 [WARN] PackLoader:240 - Cannot read IP mode file for STMicroelectronics.FP-ATR-ASTRA1.2.0.2
2025-10-02 10:55:47,591 [WARN] PackLoader:240 - Cannot read IP mode file for STMicroelectronics.X-CUBE-SMBUS.2.1.0
2025-10-02 10:55:47,597 [WARN] PackLoader:240 - Cannot read IP mode file for STMicroelectronics.X-CUBE-ST60.1.0.0
2025-10-02 10:55:47,639 [WARN] PackLoader:240 - Cannot read IP mode file for STMicroelectronics.X-CUBE-AZRTOS-F7.1.1.0
2025-10-02 10:55:47,653 [WARN] PackLoader:240 - Cannot read IP mode file for WES.I-CUBE-Cesium.1.4.0
2025-10-02 10:55:47,683 [WARN] PackLoader:240 - Cannot read IP mode file for Infineon.AIROC-Wi-Fi-Bluetooth-STM32.1.7.1
2025-10-02 10:55:47,714 [WARN] PackLoader:240 - Cannot read IP mode file for STMicroelectronics.X-CUBE-AZRTOS-H7.3.4.0
2025-10-02 10:55:47,728 [WARN] PackLoader:240 - Cannot read IP mode file for STMicroelectronics.X-CUBE-DISPLAY.3.0.0
2025-10-02 10:55:47,743 [WARN] PackLoader:240 - Cannot read IP mode file for STMicroelectronics.X-CUBE-NFC10.1.0.0
2025-10-02 10:55:47,752 [WARN] PackLoader:240 - Cannot read IP mode file for emotas.I-CUBE-CANOPEN.1.3.0
2025-10-02 10:55:47,762 [WARN] PackLoader:240 - Cannot read IP mode file for STMicroelectronics.FP-SNS-STBOX1.2.1.0
2025-10-02 10:55:47,770 [WARN] PackLoader:240 - Cannot read IP mode file for STMicroelectronics.FP-SNS-SMARTAG2.1.2.0
2025-10-02 10:55:47,777 [WARN] PackLoader:240 - Cannot read IP mode file for STMicroelectronics.FP-SNS-FLIGHT1.5.1.0
2025-10-02 10:55:47,789 [INFO] LogOutputStream:77 - [STDOUT_REDIRECT] 1 : Invalid condition id : UX_CORESTACK_Condition cause : null
2025-10-02 10:55:47,790 [INFO] LogOutputStream:77 - [STDOUT_REDIRECT] 1 : Invalid condition id : UX_CORESTACK_Condition cause : null
2025-10-02 10:55:47,792 [INFO] LogOutputStream:77 - [STDOUT_REDIRECT] 1 : Invalid condition id : UX_CORESTACK_Condition cause : null
2025-10-02 10:55:47,793 [INFO] LogOutputStream:77 - [STDOUT_REDIRECT] 1 : Invalid condition id : UX_CORESTACK_Condition cause : null
2025-10-02 10:55:47,795 [INFO] LogOutputStream:77 - [STDOUT_REDIRECT] 1 : Invalid condition id : UX_CORESTACK_Condition cause : null
2025-10-02 10:55:47,799 [WARN] PackLoader:240 - Cannot read IP mode file for STMicroelectronics.X-CUBE-AZRTOS-WL.2.0.0
2025-10-02 10:55:47,806 [WARN] PackLoader:240 - Cannot read IP mode file for STMicroelectronics.FP-SNS-MOTENV1.5.0.0
2025-10-02 10:55:47,814 [WARN] PackLoader:240 - Cannot read IP mode file for STMicroelectronics.X-CUBE-BLE2.3.3.0
2025-10-02 10:55:47,825 [WARN] PackLoader:240 - Cannot read IP mode file for STMicroelectronics.X-CUBE-NFC9.1.0.0
2025-10-02 10:55:47,834 [WARN] PackLoader:240 - Cannot read IP mode file for wolfSSL.I-CUBE-wolfSSL.5.8.2
2025-10-02 10:55:47,840 [WARN] PackLoader:240 - Cannot read IP mode file for STMicroelectronics.X-CUBE-BLE1.7.1.0
2025-10-02 10:55:47,846 [WARN] PackLoader:240 - Cannot read IP mode file for wolfSSL.I-CUBE-wolfMQTT.1.19.2
2025-10-02 10:55:47,853 [WARN] PackLoader:240 - Cannot read IP mode file for STMicroelectronics.X-CUBE-EEPRMA1.5.2.0
2025-10-02 10:55:47,871 [WARN] PackLoader:240 - Cannot read IP mode file for STMicroelectronics.X-CUBE-AZRTOS-G0.1.1.0
2025-10-02 10:55:47,881 [WARN] PackLoader:240 - Cannot read IP mode file for STMicroelectronics.X-CUBE-SAFEA1.1.2.2
2025-10-02 10:55:47,887 [WARN] PackLoader:240 - Cannot read IP mode file for STMicroelectronics.X-CUBE-NFC4.3.0.0
2025-10-02 10:55:47,897 [WARN] PackLoader:240 - Cannot read IP mode file for EmbeddedOffice.I-CUBE-FS-RTOS.1.0.1
2025-10-02 10:55:47,903 [WARN] PackLoader:240 - Cannot read IP mode file for STMicroelectronics.X-CUBE-WB05N.2.0.0
2025-10-02 10:55:47,908 [WARN] PackLoader:240 - Cannot read IP mode file for wolfSSL.I-CUBE-wolfTPM.3.8.0
2025-10-02 10:55:47,915 [WARN] PackLoader:240 - Cannot read IP mode file for STMicroelectronics.X-CUBE-TCPP.4.2.0
2025-10-02 10:55:47,923 [WARN] PackLoader:240 - Cannot read IP mode file for RealThread.X-CUBE-RT-Thread_Nano.4.1.1
2025-10-02 10:55:47,929 [WARN] PackLoader:240 - Cannot read IP mode file for STMicroelectronics.FP-ATR-SIGFOX1.3.2.0
2025-10-02 10:55:47,937 [WARN] PackLoader:240 - Cannot read IP mode file for ITTIA_DB.I-CUBE-ITTIADB.8.9.0
2025-10-02 10:55:47,945 [WARN] PackLoader:240 - Cannot read IP mode file for STMicroelectronics.X-CUBE-ST67W61.1.0.0
2025-10-02 10:55:47,952 [WARN] PackLoader:240 - Cannot read IP mode file for STMicroelectronics.X-CUBE-AI.10.2.0
2025-10-02 10:55:47,996 [WARN] PackLoader:240 - Cannot read IP mode file for SEGGER.I-CUBE-embOS.1.3.1
2025-10-02 10:55:48,064 [WARN] PackLoader:240 - Cannot read IP mode file for STMicroelectronics.X-CUBE-ALGOBUILD.1.4.0
2025-10-02 10:55:48,155 [WARN] PackLoader:240 - Cannot read IP mode file for STMicroelectronics.X-CUBE-MEMS1.11.3.0
2025-10-02 10:55:48,342 [WARN] PackLoader:240 - Cannot read IP mode file for STMicroelectronics.X-CUBE-PM33A1.1.0.0
2025-10-02 10:55:48,356 [WARN] PackLoader:240 - Cannot read IP mode file for STMicroelectronics.X-CUBE-AZRTOS-F4.1.1.0
2025-10-02 10:55:48,363 [WARN] PackLoader:240 - Cannot read IP mode file for Avnet-IotConnect.X-CUBE-IoTC-DA16k-PMOD.1.0.0
2025-10-02 10:55:48,369 [WARN] PackLoader:240 - Cannot read IP mode file for STMicroelectronics.X-CUBE-ISPU.2.1.0
2025-10-02 10:55:48,375 [WARN] PackLoader:240 - Cannot read IP mode file for STMicroelectronics.X-CUBE-NFC12.1.0.0
2025-10-02 10:55:48,389 [WARN] PackLoader:240 - Cannot read IP mode file for STMicroelectronics.X-CUBE-AZRTOS-L5.2.0.0
2025-10-02 10:55:48,397 [WARN] PackLoader:240 - Cannot read IP mode file for STMicroelectronics.X-CUBE-NFC6.3.1.0
2025-10-02 10:55:48,406 [WARN] PackLoader:240 - Cannot read IP mode file for STMicroelectronics.X-CUBE-FREERTOS.1.3.1
2025-10-02 10:55:48,414 [WARN] PackLoader:240 - Cannot read IP mode file for STMicroelectronics.X-CUBE-TOUCHGFX.4.26.0
2025-10-02 10:55:48,420 [WARN] PackLoader:240 - Cannot read IP mode file for STMicroelectronics.FP-SNS-STAIOTCFT.1.0.0
2025-10-02 10:55:48,427 [WARN] PackLoader:240 - Cannot read IP mode file for STMicroelectronics.X-CUBE-DPower.1.3.0
2025-10-02 10:55:48,443 [WARN] ConditionMgr:438 - getConditionDescription Invalid condition id : LAN8742 Phy interface Condition cause : null
2025-10-02 10:55:48,445 [WARN] PackLoader:240 - Cannot read IP mode file for STMicroelectronics.X-CUBE-AZRTOS-L4.2.0.0
2025-10-02 10:55:48,447 [WARN] ConditionMgr:1044 - genDependencies : Invalid condition id : LAN8742 Phy interface Condition cause : null
2025-10-02 10:55:48,448 [WARN] ConditionMgr:1044 - genDependencies : Invalid condition id : LAN8742 Phy interface Condition cause : null
2025-10-02 10:55:48,448 [WARN] ConditionMgr:1044 - genDependencies : Invalid condition id : LAN8742 Phy interface Condition cause : null
2025-10-02 10:55:48,461 [WARN] PackLoader:240 - Cannot read IP mode file for STMicroelectronics.X-CUBE-SFXS2LP1.4.0.0
2025-10-02 10:55:48,472 [WARN] PackLoader:240 - Cannot read IP mode file for STMicroelectronics.X-CUBE-BLEMGR.4.1.0
2025-10-02 10:55:48,488 [WARN] ConditionMgr:438 - getConditionDescription Invalid condition id : UX DEVICE CLASS RTOS Condition cause : null
2025-10-02 10:55:48,488 [WARN] ConditionMgr:438 - getConditionDescription Invalid condition id : UX DEVICE CLASS RTOS Condition cause : null
2025-10-02 10:55:48,490 [WARN] PackLoader:240 - Cannot read IP mode file for STMicroelectronics.X-CUBE-AZRTOS-WB.2.0.0
2025-10-02 10:55:48,492 [WARN] ConditionMgr:1044 - genDependencies : Invalid condition id : UX DEVICE CLASS RTOS Condition cause : null
2025-10-02 10:55:48,492 [WARN] ConditionMgr:1044 - genDependencies : Invalid condition id : UX DEVICE CLASS RTOS Condition cause : null
2025-10-02 10:55:48,493 [WARN] ConditionMgr:1044 - genDependencies : Invalid condition id : UX DEVICE CLASS RTOS Condition cause : null
2025-10-02 10:55:48,493 [WARN] ConditionMgr:1044 - genDependencies : Invalid condition id : UX DEVICE CLASS RTOS Condition cause : null
2025-10-02 10:55:48,493 [WARN] ConditionMgr:1044 - genDependencies : Invalid condition id : UX DEVICE CLASS RTOS Condition cause : null
2025-10-02 10:55:48,501 [WARN] PackLoader:240 - Cannot read IP mode file for STMicroelectronics.X-CUBE-GNSS1.7.0.1
2025-10-02 10:55:48,506 [WARN] PackLoader:240 - Cannot read IP mode file for STMicroelectronics.X-CUBE-TOUCHGFX.4.25.0
2025-10-02 10:55:48,513 [WARN] ConditionMgr:438 - getConditionDescription Invalid condition id : Cortex-A Device cause : null
2025-10-02 10:55:48,540 [WARN] ConditionMgr:1044 - genDependencies : Invalid condition id : Cortex-A Device cause : null
2025-10-02 10:55:48,540 [WARN] ConditionMgr:1044 - genDependencies : Invalid condition id : Cortex-A Device cause : null
2025-10-02 10:55:48,540 [WARN] ConditionMgr:1044 - genDependencies : Invalid condition id : Cortex-A Device cause : null
2025-10-02 10:55:48,554 [WARN] PackLoader:240 - Cannot read IP mode file for STMicroelectronics.X-CUBE-SUBG2.5.0.0
2025-10-02 10:55:48,578 [WARN] PackLoader:240 - Cannot read IP mode file for STMicroelectronics.X-CUBE-AZRTOS-H7RS.1.1.0
2025-10-02 10:55:48,589 [WARN] PackLoader:240 - Cannot read IP mode file for Cesanta.I-CUBE-Mongoose.7.13.0
2025-10-02 10:55:48,605 [WARN] PackLoader:240 - Cannot read IP mode file for STMicroelectronics.X-CUBE-AZRTOS-G4.2.0.0
2025-10-02 10:55:48,614 [WARN] PackLoader:240 - Cannot read IP mode file for wolfSSL.I-CUBE-wolfSSH.1.4.20
2025-10-02 10:55:48,622 [WARN] PackLoader:240 - Cannot read IP mode file for STMicroelectronics.X-CUBE-NFC7.2.0.0
2025-10-02 10:55:48,640 [WARN] PackLoader:240 - Cannot read IP mode file for STMicroelectronics.X-CUBE-IPS.3.1.0
2025-10-02 10:55:48,657 [WARN] PackLoader:240 - Cannot read IP mode file for STMicroelectronics.X-CUBE-ALS.1.0.2
2025-10-02 10:55:48,675 [WARN] PackLoader:240 - Cannot read IP mode file for STMicroelectronics.X-CUBE-STSE01.1.0.0
2025-10-02 10:55:48,698 [WARN] PackLoader:240 - Cannot read IP mode file for STMicroelectronics.X-CUBE-TOF1.3.4.3
2025-10-02 10:55:48,714 [INFO] ThirdParty:978 - Integrity check success = true
2025-10-02 10:55:48,714 [INFO] IntegrityCheckThread:100 - exiting critical section [integrity check]
2025-10-02 10:55:48,715 [INFO] IntegrityCheckThread:103 - End integrity checks thread
2025-10-02 10:55:48,857 [INFO] WebApp:463 - Apply proxy settings
2025-10-02 10:55:48,858 [INFO] WebApp:548 - Chromium requires no authentication
2025-10-02 10:55:48,880 [INFO] WebApp:491 - Direct internet connection detected
2025-10-02 10:55:48,922 [INFO] WebApp:900 - Register for checkConnection events
2025-10-02 10:55:48,922 [INFO] WebApp:463 - Apply proxy settings
2025-10-02 10:55:48,923 [INFO] WebApp:548 - Chromium requires no authentication
2025-10-02 10:55:48,923 [INFO] WebApp:491 - Direct internet connection detected
2025-10-02 10:55:49,059 [INFO] WebApp:191 - Connection restablished
2025-10-02 10:55:49,217 [INFO] WebApp:225 - Starting web application
2025-10-02 10:55:49,217 [INFO] WebApp:593 - Web application path used C:\ST\STM32CubeIDE_1.19.0\STM32CubeIDE\plugins\com.st.stm32cube.common.mx_6.15.0.202507011659\db\plugins\mcufinder\reactClient1\index.html
